<?xml version="1.0" encoding="UTF-8"?>
<!-- Generated by org.testng.reporters.JUnitReportReporter -->
<testsuite hostname="LAPTOP-JKNOV0VF" failures="0" tests="1" name="testCases.LoginInvalidTest" time="24.791" errors="0" timestamp="2024-10-19T02:22:08 IST" skipped="0">
  <testcase classname="testCases.LoginInvalidTest" name="TC010_accountLoginwithInvalidCredentials" time="24.791"/>
</testsuite> <!-- testCases.LoginInvalidTest -->
