<?xml version="1.0" encoding="UTF-8"?>
<!-- Generated by org.testng.reporters.JUnitReportReporter -->
<testsuite hostname="LAPTOP-JKNOV0VF" failures="0" tests="1" name="testCases.CheckBrokenUrlTest" time="14.079" errors="0" timestamp="2024-10-19T02:22:08 IST" skipped="0">
  <testcase classname="testCases.CheckBrokenUrlTest" name="TC003_checkBrokenUrl" time="14.079"/>
</testsuite> <!-- testCases.CheckBrokenUrlTest -->
