<?xml version="1.0" encoding="UTF-8"?>
<!-- Generated by org.testng.reporters.JUnitReportReporter -->
<testsuite hostname="LAPTOP-JKNOV0VF" failures="0" tests="1" name="testCases.LoginWithInvalidDetailsTest" time="13.130" errors="0" timestamp="2024-10-19T03:55:34 IST" skipped="0">
  <testcase classname="testCases.LoginWithInvalidDetailsTest" name="TC002_LoginwithInvalidDetailsTest" time="13.130"/>
</testsuite> <!-- testCases.LoginWithInvalidDetailsTest -->
