<?xml version="1.0" encoding="UTF-8"?>
<!-- Generated by org.testng.reporters.JUnitReportReporter -->
<testsuite hostname="LAPTOP-JKNOV0VF" failures="0" tests="1" name="testCases.BookingPageNavigationTabsTest" time="13.043" errors="0" timestamp="2024-10-19T03:36:29 IST" skipped="0">
  <testcase classname="testCases.BookingPageNavigationTabsTest" name="TC010_checkNavigationTabs" time="13.043"/>
</testsuite> <!-- testCases.BookingPageNavigationTabsTest -->
