<?xml version="1.0" encoding="UTF-8"?>
<!-- Generated by org.testng.reporters.JUnitReportReporter -->
<testsuite hostname="LAPTOP-JKNOV0VF" failures="0" tests="1" name="testCases.SearchForFlightRoundTripTest" time="19.929" errors="0" timestamp="2024-10-19T03:36:29 IST" skipped="0">
  <testcase classname="testCases.SearchForFlightRoundTripTest" name="TC006_searchFlightforRoundTripTest" time="19.929"/>
</testsuite> <!-- testCases.SearchForFlightRoundTripTest -->
